[01m[K/home/ruben/workhop_rl/src/unitree_ros2_to_real/src/ros2_rl.cpp:[m[K In function â€˜[01m[Kint main(int, char**)[m[Kâ€™:
[01m[K/home/ruben/workhop_rl/src/unitree_ros2_to_real/src/ros2_rl.cpp:386:40:[m[K [01;31m[Kerror: [m[Kâ€˜[01m[KFloat32MultiArray[m[Kâ€™ is not a member of â€˜[01m[Kstd_msgs::msg[m[Kâ€™; did you mean â€˜[01m[KFloat64MultiArray[m[Kâ€™?
  386 |                         std_msgs::msg::[01;31m[KFloat32MultiArray[m[K obs_msg;
      |                                        [01;31m[K^~~~~~~~~~~~~~~~~[m[K
      |                                        [32m[KFloat64MultiArray[m[K
[01m[K/home/ruben/workhop_rl/src/unitree_ros2_to_real/src/ros2_rl.cpp:387:25:[m[K [01;31m[Kerror: [m[Kâ€˜[01m[Kobs_msg[m[Kâ€™ was not declared in this scope
  387 |                         [01;31m[Kobs_msg[m[K.data.resize(obs.size(1));
      |                         [01;31m[K^~~~~~~[m[K
[01m[K/home/ruben/workhop_rl/src/unitree_ros2_to_real/src/ros2_rl.cpp:393:40:[m[K [01;31m[Kerror: [m[Kâ€˜[01m[KFloat32MultiArray[m[Kâ€™ is not a member of â€˜[01m[Kstd_msgs::msg[m[Kâ€™; did you mean â€˜[01m[KFloat64MultiArray[m[Kâ€™?
  393 |                         std_msgs::msg::[01;31m[KFloat32MultiArray[m[K action_msg;
      |                                        [01;31m[K^~~~~~~~~~~~~~~~~[m[K
      |                                        [32m[KFloat64MultiArray[m[K
[01m[K/home/ruben/workhop_rl/src/unitree_ros2_to_real/src/ros2_rl.cpp:394:25:[m[K [01;31m[Kerror: [m[Kâ€˜[01m[Kaction_msg[m[Kâ€™ was not declared in this scope
  394 |                         [01;31m[Kaction_msg[m[K.data.resize(agent.obs.actions.size(1));
      |                         [01;31m[K^~~~~~~~~~[m[K
gmake[2]: *** [CMakeFiles/ros2_rl.dir/build.make:76: CMakeFiles/ros2_rl.dir/src/ros2_rl.cpp.o] Error 1
gmake[1]: *** [CMakeFiles/Makefile2:249: CMakeFiles/ros2_rl.dir/all] Error 2
gmake: *** [Makefile:146: all] Error 2
