[0.006s] Invoking command in '/home/ruben/workhop_rl/build/unitree_legged_real': CMAKE_PREFIX_PATH=/home/ruben/workhop_rl/install/unitree_rl_controller:/home/ruben/workhop_rl/install/ros2_unitree_legged_msgs:/home/ruben/workhop_rl/install/unitree_legged_real:/opt/ros/humble LD_LIBRARY_PATH=/home/ruben/workhop_rl/install/unitree_rl_controller/lib:/home/ruben/workhop_rl/install/ros2_unitree_legged_msgs/lib:/home/ruben/workhop_rl/install/unitree_legged_real/lib:/usr/lib/x86_64-linux-gnu/gazebo-11/plugins:/opt/ros/humble/opt/rviz_ogre_vendor/lib:/opt/ros/humble/lib/x86_64-linux-gnu:/opt/ros/humble/lib:/usr/local/cuda-12.6/lib64:/home/ruben/workhop_rl/src/libtorch/lib/:/home/ruben/workhop_rl/src/libtorch/lib/:/home/ruben/libtorch/lib/ /usr/bin/cmake --build /home/ruben/workhop_rl/build/unitree_legged_real -- -j20 -l20
[0.037s] [ 30%] Built target ros2_walk_example
[0.037s] [ 40%] Built target ros2_test
[0.037s] [ 60%] Built target lcm_server
[0.038s] [ 80%] Built target ros2_position_example
[0.039s] [35m[1mConsolidate compiler generated dependencies of target ros2_rl[0m
[0.072s] [ 90%] [32mBuilding CXX object CMakeFiles/ros2_rl.dir/src/ros2_rl.cpp.o[0m
[5.186s] [01m[K/home/ruben/workhop_rl/src/unitree_ros2_to_real/src/ros2_rl.cpp:[m[K In function â€˜[01m[Kint main(int, char**)[m[Kâ€™:
[5.186s] [01m[K/home/ruben/workhop_rl/src/unitree_ros2_to_real/src/ros2_rl.cpp:386:40:[m[K [01;31m[Kerror: [m[Kâ€˜[01m[KFloat32MultiArray[m[Kâ€™ is not a member of â€˜[01m[Kstd_msgs::msg[m[Kâ€™; did you mean â€˜[01m[KFloat64MultiArray[m[Kâ€™?
[5.186s]   386 |                         std_msgs::msg::[01;31m[KFloat32MultiArray[m[K obs_msg;
[5.186s]       |                                        [01;31m[K^~~~~~~~~~~~~~~~~[m[K
[5.186s]       |                                        [32m[KFloat64MultiArray[m[K
[5.192s] [01m[K/home/ruben/workhop_rl/src/unitree_ros2_to_real/src/ros2_rl.cpp:387:25:[m[K [01;31m[Kerror: [m[Kâ€˜[01m[Kobs_msg[m[Kâ€™ was not declared in this scope
[5.192s]   387 |                         [01;31m[Kobs_msg[m[K.data.resize(obs.size(1));
[5.192s]       |                         [01;31m[K^~~~~~~[m[K
[5.192s] [01m[K/home/ruben/workhop_rl/src/unitree_ros2_to_real/src/ros2_rl.cpp:393:40:[m[K [01;31m[Kerror: [m[Kâ€˜[01m[KFloat32MultiArray[m[Kâ€™ is not a member of â€˜[01m[Kstd_msgs::msg[m[Kâ€™; did you mean â€˜[01m[KFloat64MultiArray[m[Kâ€™?
[5.192s]   393 |                         std_msgs::msg::[01;31m[KFloat32MultiArray[m[K action_msg;
[5.193s]       |                                        [01;31m[K^~~~~~~~~~~~~~~~~[m[K
[5.193s]       |                                        [32m[KFloat64MultiArray[m[K
[5.200s] [01m[K/home/ruben/workhop_rl/src/unitree_ros2_to_real/src/ros2_rl.cpp:394:25:[m[K [01;31m[Kerror: [m[Kâ€˜[01m[Kaction_msg[m[Kâ€™ was not declared in this scope
[5.200s]   394 |                         [01;31m[Kaction_msg[m[K.data.resize(agent.obs.actions.size(1));
[5.201s]       |                         [01;31m[K^~~~~~~~~~[m[K
[7.895s] gmake[2]: *** [CMakeFiles/ros2_rl.dir/build.make:76: CMakeFiles/ros2_rl.dir/src/ros2_rl.cpp.o] Error 1
[7.895s] gmake[1]: *** [CMakeFiles/Makefile2:249: CMakeFiles/ros2_rl.dir/all] Error 2
[7.895s] gmake: *** [Makefile:146: all] Error 2
[7.897s] Invoked command in '/home/ruben/workhop_rl/build/unitree_legged_real' returned '2': CMAKE_PREFIX_PATH=/home/ruben/workhop_rl/install/unitree_rl_controller:/home/ruben/workhop_rl/install/ros2_unitree_legged_msgs:/home/ruben/workhop_rl/install/unitree_legged_real:/opt/ros/humble LD_LIBRARY_PATH=/home/ruben/workhop_rl/install/unitree_rl_controller/lib:/home/ruben/workhop_rl/install/ros2_unitree_legged_msgs/lib:/home/ruben/workhop_rl/install/unitree_legged_real/lib:/usr/lib/x86_64-linux-gnu/gazebo-11/plugins:/opt/ros/humble/opt/rviz_ogre_vendor/lib:/opt/ros/humble/lib/x86_64-linux-gnu:/opt/ros/humble/lib:/usr/local/cuda-12.6/lib64:/home/ruben/workhop_rl/src/libtorch/lib/:/home/ruben/workhop_rl/src/libtorch/lib/:/home/ruben/libtorch/lib/ /usr/bin/cmake --build /home/ruben/workhop_rl/build/unitree_legged_real -- -j20 -l20
