[01m[K/home/ruben/workhop_rl/src/unitree_ros2_to_real/src/ros2_rl.cpp:83:1:[m[K [01;31m[Kerror: [m[Kâ€˜[01m[Kagent[m[Kâ€™ does not name a type; did you mean â€˜[01m[KAgent[m[Kâ€™?
   83 | [01;31m[Kagent[m[K.InitObservations();
      | [01;31m[K^~~~~[m[K
      | [32m[KAgent[m[K
[01m[K/home/ruben/workhop_rl/src/unitree_ros2_to_real/src/ros2_rl.cpp:84:1:[m[K [01;31m[Kerror: [m[Kâ€˜[01m[Kagent[m[Kâ€™ does not name a type; did you mean â€˜[01m[KAgent[m[Kâ€™?
   84 | [01;31m[Kagent[m[K.InitOutputs();
      | [01;31m[K^~~~~[m[K
      | [32m[KAgent[m[K
gmake[2]: *** [CMakeFiles/ros2_rl.dir/build.make:76: CMakeFiles/ros2_rl.dir/src/ros2_rl.cpp.o] Error 1
gmake[1]: *** [CMakeFiles/Makefile2:251: CMakeFiles/ros2_rl.dir/all] Error 2
gmake: *** [Makefile:146: all] Error 2
