[ 20%] Built target lcm_server
[ 40%] Built target ros2_position_example
[ 60%] Built target ros2_walk_example
[ 80%] Built target ros2_test
[ 90%] [32mBuilding CXX object CMakeFiles/ros2_rl.dir/src/ros2_rl.cpp.o[0m
[01m[K/home/ruben/workhop_rl/src/unitree_ros2_to_real/src/ros2_rl.cpp:20:10:[m[K [01;31m[Kfatal error: [m[Kstd_msgs/msg/float_array.hpp: No such file or directory
   20 | #include [01;31m[K"std_msgs/msg/float_array.hpp"[m[K
      |          [01;31m[K^~~~~~~~~~~~~~~~~~~~~~~~~~~~~~[m[K
compilation terminated.
gmake[2]: *** [CMakeFiles/ros2_rl.dir/build.make:76: CMakeFiles/ros2_rl.dir/src/ros2_rl.cpp.o] Error 1
gmake[1]: *** [CMakeFiles/Makefile2:249: CMakeFiles/ros2_rl.dir/all] Error 2
gmake: *** [Makefile:146: all] Error 2
