[0.005s] Invoking command in '/home/ruben/workhop_rl/build/unitree_rl_controller': CMAKE_PREFIX_PATH=/home/ruben/workhop_rl/install/ros2_unitree_legged_msgs:/home/ruben/workhop_rl/install/unitree_legged_real:/home/ruben/workhop_rl/install/unitree_rl_controller:/opt/ros/humble LD_LIBRARY_PATH=/home/ruben/workhop_rl/install/ros2_unitree_legged_msgs/lib:/home/ruben/workhop_rl/install/unitree_legged_real/lib:/home/ruben/workhop_rl/install/unitree_rl_controller/lib:/usr/lib/x86_64-linux-gnu/gazebo-11/plugins:/opt/ros/humble/opt/rviz_ogre_vendor/lib:/opt/ros/humble/lib/x86_64-linux-gnu:/opt/ros/humble/lib:/usr/local/cuda-12.6/lib64:/home/ruben/workhop_rl/src/libtorch/lib/ /usr/bin/cmake --build /home/ruben/workhop_rl/build/unitree_rl_controller -- -j20 -l20
[0.044s] [35m[1mConsolidate compiler generated dependencies of target unitree_rl_controller[0m
[0.073s] [ 50%] [32mBuilding CXX object CMakeFiles/unitree_rl_controller.dir/src/rl_agent.cpp.o[0m
[3.960s] [01m[K/home/ruben/workhop_rl/src/unitree_rl_controller-ros2/src/rl_agent.cpp:[m[K In member function â€˜[01m[Kat::Tensor Agent::act()[m[Kâ€™:
[3.960s] [01m[K/home/ruben/workhop_rl/src/unitree_rl_controller-ros2/src/rl_agent.cpp:90:39:[m[K [01;31m[Kerror: [m[Kâ€˜[01m[Kstruct ModelParams[m[Kâ€™ has no member named â€˜[01m[Khip_scale_reduction[m[Kâ€™; did you mean â€˜[01m[Khip_scale_reduction_indices[m[Kâ€™?
[3.960s]    90 |         actions[0][i] *= this->params.[01;31m[Khip_scale_reduction[m[K;
[3.960s]       |                                       [01;31m[K^~~~~~~~~~~~~~~~~~~[m[K
[3.960s]       |                                       [32m[Khip_scale_reduction_indices[m[K
[3.962s] [01m[K/home/ruben/workhop_rl/src/unitree_rl_controller-ros2/src/rl_agent.cpp:[m[K In member function â€˜[01m[Kvoid Agent::ReadYaml(std::string)[m[Kâ€™:
[3.962s] [01m[K/home/ruben/workhop_rl/src/unitree_rl_controller-ros2/src/rl_agent.cpp:287:18:[m[K [01;31m[Kerror: [m[Kâ€˜[01m[Kstruct ModelParams[m[Kâ€™ has no member named â€˜[01m[Khip_scale_reduction[m[Kâ€™; did you mean â€˜[01m[Khip_scale_reduction_indices[m[Kâ€™?
[3.962s]   287 |     this->params.[01;31m[Khip_scale_reduction[m[K = config["hip_scale_reduction"].as<double>();
[3.962s]       |                  [01;31m[K^~~~~~~~~~~~~~~~~~~[m[K
[3.962s]       |                  [32m[Khip_scale_reduction_indices[m[K
[5.676s] gmake[2]: *** [CMakeFiles/unitree_rl_controller.dir/build.make:76: CMakeFiles/unitree_rl_controller.dir/src/rl_agent.cpp.o] Error 1
[5.676s] gmake[1]: *** [CMakeFiles/Makefile2:137: CMakeFiles/unitree_rl_controller.dir/all] Error 2
[5.676s] gmake: *** [Makefile:146: all] Error 2
[5.678s] Invoked command in '/home/ruben/workhop_rl/build/unitree_rl_controller' returned '2': CMAKE_PREFIX_PATH=/home/ruben/workhop_rl/install/ros2_unitree_legged_msgs:/home/ruben/workhop_rl/install/unitree_legged_real:/home/ruben/workhop_rl/install/unitree_rl_controller:/opt/ros/humble LD_LIBRARY_PATH=/home/ruben/workhop_rl/install/ros2_unitree_legged_msgs/lib:/home/ruben/workhop_rl/install/unitree_legged_real/lib:/home/ruben/workhop_rl/install/unitree_rl_controller/lib:/usr/lib/x86_64-linux-gnu/gazebo-11/plugins:/opt/ros/humble/opt/rviz_ogre_vendor/lib:/opt/ros/humble/lib/x86_64-linux-gnu:/opt/ros/humble/lib:/usr/local/cuda-12.6/lib64:/home/ruben/workhop_rl/src/libtorch/lib/ /usr/bin/cmake --build /home/ruben/workhop_rl/build/unitree_rl_controller -- -j20 -l20
