[ 16%] Built target lcm_server
[ 33%] Built target ros2_test
[35m[1mConsolidate compiler generated dependencies of target ros2_rl[0m
[ 50%] Built target ros2_position_example
[ 66%] Built target ros2_walk_example
[ 83%] Built target ros2_rl_control
[ 91%] [32mBuilding CXX object CMakeFiles/ros2_rl.dir/src/ros2_rl.cpp.o[0m
[01m[K/home/ruben/workhop_rl/src/unitree_ros2_to_real/src/ros2_rl.cpp:[m[K In function â€˜[01m[Kint main(int, char**)[m[Kâ€™:
[01m[K/home/ruben/workhop_rl/src/unitree_ros2_to_real/src/ros2_rl.cpp:387:55:[m[K [01;31m[Kerror: [m[Kâ€˜[01m[Kstruct Observations[m[Kâ€™ has no member named â€˜[01m[Ksize[m[Kâ€™
  387 |                         obs_msg.data.resize(agent.obs.[01;31m[Ksize[m[K(1));
      |                                                       [01;31m[K^~~~[m[K
[01m[K/home/ruben/workhop_rl/src/unitree_ros2_to_real/src/ros2_rl.cpp:388:55:[m[K [01;31m[Kerror: [m[Kâ€˜[01m[Kstruct Observations[m[Kâ€™ has no member named â€˜[01m[Ksize[m[Kâ€™
  388 |                         for (int i = 0; i < agent.obs.[01;31m[Ksize[m[K(1); ++i) {
      |                                                       [01;31m[K^~~~[m[K
[01m[K/home/ruben/workhop_rl/src/unitree_ros2_to_real/src/ros2_rl.cpp:389:56:[m[K [01;31m[Kerror: [m[Kno match for â€˜[01m[Koperator[][m[Kâ€™ (operand types are â€˜[01m[KObservations[m[Kâ€™ and â€˜[01m[Kint[m[Kâ€™)
  389 |                             obs_msg.data[i] = agent.obs[01;31m[K[[m[K0][i].item<float>();
      |                                                        [01;31m[K^[m[K
[01m[K/home/ruben/workhop_rl/src/unitree_ros2_to_real/src/ros2_rl.cpp:389:68:[m[K [01;31m[Kerror: [m[Kexpected primary-expression before â€˜[01m[Kfloat[m[Kâ€™
  389 |                             obs_msg.data[i] = agent.obs[0][i].item<[01;31m[Kfloat[m[K>();
      |                                                                    [01;31m[K^~~~~[m[K
gmake[2]: *** [CMakeFiles/ros2_rl.dir/build.make:76: CMakeFiles/ros2_rl.dir/src/ros2_rl.cpp.o] Error 1
gmake[1]: *** [CMakeFiles/Makefile2:251: CMakeFiles/ros2_rl.dir/all] Error 2
gmake: *** [Makefile:146: all] Error 2
