[ 16%] Built target ros2_position_example
[ 33%] Built target ros2_test
[ 50%] Built target lcm_server
[ 66%] Built target ros2_walk_example
[35m[1mConsolidate compiler generated dependencies of target ros2_rl[0m
[ 83%] Built target ros2_rl_control
[ 91%] [32mBuilding CXX object CMakeFiles/ros2_rl.dir/src/ros2_rl.cpp.o[0m
[01m[K/home/ruben/workhop_rl/src/unitree_ros2_to_real/src/ros2_rl.cpp:83:1:[m[K [01;31m[Kerror: [m[Kâ€˜[01m[KAgrnt[m[Kâ€™ does not name a type; did you mean â€˜[01m[KAgent[m[Kâ€™?
   83 | [01;31m[KAgrnt[m[K.InitObservations();
      | [01;31m[K^~~~~[m[K
      | [32m[KAgent[m[K
[01m[K/home/ruben/workhop_rl/src/unitree_ros2_to_real/src/ros2_rl.cpp:84:6:[m[K [01;31m[Kerror: [m[Kexpected unqualified-id before â€˜[01m[K.[m[Kâ€™ token
   84 | Agent[01;31m[K.[m[KInitOutputs();
      |      [01;31m[K^[m[K
gmake[2]: *** [CMakeFiles/ros2_rl.dir/build.make:76: CMakeFiles/ros2_rl.dir/src/ros2_rl.cpp.o] Error 1
gmake[1]: *** [CMakeFiles/Makefile2:251: CMakeFiles/ros2_rl.dir/all] Error 2
gmake: *** [Makefile:146: all] Error 2
