[ 16%] Built target lcm_server
[ 33%] Built target ros2_test
[ 50%] Built target ros2_walk_example
[ 66%] Built target ros2_position_example
[35m[1mConsolidate compiler generated dependencies of target ros2_rl[0m
[ 75%] [32m[1mLinking CXX executable ros2_rl_control[0m
[ 83%] [32mBuilding CXX object CMakeFiles/ros2_rl.dir/src/ros2_rl.cpp.o[0m
[ 91%] Built target ros2_rl_control
[01m[K/home/ruben/workhop_rl/src/unitree_ros2_to_real/src/ros2_rl.cpp:[m[K In function â€˜[01m[Kint main(int, char**)[m[Kâ€™:
[01m[K/home/ruben/workhop_rl/src/unitree_ros2_to_real/src/ros2_rl.cpp:387:55:[m[K [01;31m[Kerror: [m[Kâ€˜[01m[Kstruct Observations[m[Kâ€™ has no member named â€˜[01m[Ksize[m[Kâ€™
  387 |                         obs_msg.data.resize(agent.obs.[01;31m[Ksize[m[K(1));
      |                                                       [01;31m[K^~~~[m[K
[01m[K/home/ruben/workhop_rl/src/unitree_ros2_to_real/src/ros2_rl.cpp:388:55:[m[K [01;31m[Kerror: [m[Kâ€˜[01m[Kstruct Observations[m[Kâ€™ has no member named â€˜[01m[Ksize[m[Kâ€™
  388 |                         for (int i = 0; i < agent.obs.[01;31m[Ksize[m[K(1); ++i) {
      |                                                       [01;31m[K^~~~[m[K
[01m[K/home/ruben/workhop_rl/src/unitree_ros2_to_real/src/ros2_rl.cpp:389:47:[m[K [01;31m[Kerror: [m[Kâ€˜[01m[Kobs[m[Kâ€™ was not declared in this scope; did you mean â€˜[01m[Kabs[m[Kâ€™?
  389 |                             obs_msg.data[i] = [01;31m[Kobs[m[K[0][i].item<float>();
      |                                               [01;31m[K^~~[m[K
      |                                               [32m[Kabs[m[K
[01m[K/home/ruben/workhop_rl/src/unitree_ros2_to_real/src/ros2_rl.cpp:389:62:[m[K [01;31m[Kerror: [m[Kexpected primary-expression before â€˜[01m[Kfloat[m[Kâ€™
  389 |                             obs_msg.data[i] = obs[0][i].item<[01;31m[Kfloat[m[K>();
      |                                                              [01;31m[K^~~~~[m[K
gmake[2]: *** [CMakeFiles/ros2_rl.dir/build.make:76: CMakeFiles/ros2_rl.dir/src/ros2_rl.cpp.o] Error 1
gmake[1]: *** [CMakeFiles/Makefile2:251: CMakeFiles/ros2_rl.dir/all] Error 2
gmake: *** [Makefile:146: all] Error 2
